{"arrivando": "01/08/2012", "dest": "PAR", "precio": 1734, "numero": ["6842", "3402"], "escalas": 2, "saliendo": "21/12/2011", "compania": ["Iberia"]}
{"arrivando": "01/08/2012", "dest": "PAR", "precio": 2619, "numero": ["417"], "escalas": 1, "saliendo": "21/12/2011", "compania": ["Air France"]}
{"arrivando": "01/08/2012", "dest": "FRA", "precio": 1756, "numero": ["511"], "escalas": 1, "saliendo": "21/12/2011", "compania": ["Lufthansa"]}
{"arrivando": "01/08/2012", "dest": "FRA", "precio": 1756, "numero": ["511"], "escalas": 1, "saliendo": "21/12/2011", "compania": ["Lufthansa"]}
{"arrivando": "01/08/2012", "dest": "PAR", "precio": 1734, "numero": ["6842", "3402"], "escalas": 2, "saliendo": "21/12/2011", "compania": ["Iberia"]}
{"arrivando": "01/08/2012", "dest": "PAR", "precio": 2619, "numero": ["417"], "escalas": 1, "saliendo": "21/12/2011", "compania": ["Air France"]}
{"arrivando": "01/08/2012", "dest": "FRA", "precio": 1756, "numero": ["511"], "escalas": 1, "saliendo": "21/12/2011", "compania": ["Lufthansa"]}
{"arrivando": "01/08/2012", "dest": "FRA", "precio": 1756, "numero": ["511"], "escalas": 1, "saliendo": "21/12/2011", "compania": ["Lufthansa"]}
{"arrivando": "01/08/2012", "dest": "PAR", "precio": 1734, "numero": ["6842", "3402"], "escalas": 2, "saliendo": "21/12/2011", "compania": ["Iberia"]}
{"arrivando": "01/08/2012", "dest": "PAR", "precio": 2619, "numero": ["417"], "escalas": 1, "saliendo": "21/12/2011", "compania": ["Air France"]}
{"arrivando": "01/08/2012", "dest": "FRA", "precio": 1756, "numero": ["511"], "escalas": 1, "saliendo": "21/12/2011", "compania": ["Lufthansa"]}
{"arrivando": "01/08/2012", "dest": "FRA", "precio": 1756, "numero": ["511"], "escalas": 1, "saliendo": "21/12/2011", "compania": ["Lufthansa"]}
{"arrivando": "01/08/2012", "dest": "PAR", "precio": 1749, "numero": ["6146", "58", "434", "6146", "58", "432"], "escalas": 3, "saliendo": "21/12/2011", "compania": ["Tap Air Portugal"]}
{"arrivando": "01/08/2012", "dest": "PAR", "precio": 2639, "numero": ["443", "445"], "escalas": 1, "saliendo": "21/12/2011", "compania": ["Air France"]}
{"arrivando": "01/08/2012", "dest": "FRA", "precio": 1833, "numero": ["6146", "58", "572", "6146", "58", "6701"], "escalas": 3, "saliendo": "21/12/2011", "compania": ["Tap Air Portugal"]}
{"arrivando": "01/08/2012", "dest": "FRA", "precio": 2706, "numero": ["8068"], "escalas": 1, "saliendo": "21/12/2011", "compania": ["Tam"]}
{"arrivando": "01/08/2012", "dest": "PAR", "precio": 231, "numero": ["2021", "638"], "escalas": 2, "saliendo": "21/12/2011", "compania": ["Swiss"]}
{"arrivando": "01/08/2012", "dest": "PAR", "precio": 237, "numero": ["1027", "1025"], "escalas": 1, "saliendo": "21/12/2011", "compania": ["Air Europa"]}
{"arrivando": "01/08/2012", "dest": "Frankfurt", "precio": 1372, "numero": ["511"], "escalas": 1, "saliendo": "28/12/2011", "compania": ["Lufthansa"]}
{"arrivando": "01/08/2012", "dest": "Frankfurt", "precio": 1372, "numero": ["511"], "escalas": 1, "saliendo": "28/12/2011", "compania": ["Lufthansa"]}
{"arrivando": "01/08/2012", "dest": "Frankfurt", "precio": 1372, "numero": ["511"], "escalas": 1, "saliendo": "28/12/2011", "compania": ["Lufthansa"]}
{"arrivando": "01/08/2012", "dest": "Frankfurt", "precio": 1372, "numero": ["511"], "escalas": 1, "saliendo": "28/12/2011", "compania": ["Lufthansa"]}
{"arrivando": "22/05/2012", "dest": "Frankfurt", "precio": 1323, "numero": ["511"], "escalas": 1, "saliendo": "28/12/2011", "compania": ["Lufthansa"]}
{"arrivando": "22/05/2012", "dest": "Frankfurt", "precio": 1323, "numero": ["511"], "escalas": 1, "saliendo": "28/12/2011", "compania": ["Lufthansa"]}
{"arrivando": "22/05/2012", "dest": "Par\u00eds", "precio": 1392, "numero": ["511", "1040"], "escalas": 2, "saliendo": "29/12/2011", "compania": ["Lufthansa"]}
{"arrivando": "22/05/2012", "dest": "Par\u00eds", "precio": 2723, "numero": ["417"], "escalas": 1, "saliendo": "29/12/2011", "compania": ["Air France"]}
{"arrivando": "30/05/2012", "dest": "Frankfurt", "precio": 1372, "numero": ["511"], "escalas": 1, "saliendo": "28/12/2011", "compania": ["Lufthansa"]}
{"arrivando": "30/05/2012", "dest": "Frankfurt", "precio": 1372, "numero": ["511"], "escalas": 1, "saliendo": "28/12/2011", "compania": ["Lufthansa"]}
{"arrivando": "30/05/2012", "dest": "Frankfurt", "precio": 1372, "numero": ["511"], "escalas": 1, "saliendo": "28/12/2011", "compania": ["Lufthansa"]}
{"arrivando": "30/05/2012", "dest": "Frankfurt", "precio": 1372, "numero": ["511"], "escalas": 1, "saliendo": "28/12/2011", "compania": ["Lufthansa"]}
{"arrivando": "30/05/2012", "dest": "Frankfurt", "precio": 1372, "numero": ["511"], "escalas": 1, "saliendo": "28/12/2011", "compania": ["Lufthansa"]}
{"arrivando": "30/05/2012", "dest": "Frankfurt", "precio": 1372, "numero": ["511"], "escalas": 1, "saliendo": "28/12/2011", "compania": ["Lufthansa"]}
{"arrivando": "30/05/2012", "dest": "Frankfurt", "precio": 1372, "numero": ["511"], "escalas": 1, "saliendo": "28/12/2011", "compania": ["Lufthansa"]}
{"arrivando": "30/05/2012", "dest": "Frankfurt", "precio": 1372, "numero": ["511"], "escalas": 1, "saliendo": "28/12/2011", "compania": ["Lufthansa"]}
{"arrivando": "30/05/2012", "dest": "Frankfurt", "precio": 1372, "numero": ["511"], "escalas": 1, "saliendo": "28/12/2011", "compania": ["Lufthansa"]}
{"arrivando": "30/05/2012", "dest": "Frankfurt", "precio": 1372, "numero": ["511"], "escalas": 1, "saliendo": "28/12/2011", "compania": ["Lufthansa"]}
{"arrivando": "30/05/2012", "dest": "Frankfurt", "precio": 1372, "numero": ["511"], "escalas": 1, "saliendo": "28/12/2011", "compania": ["Lufthansa"]}
{"arrivando": "30/05/2012", "dest": "Frankfurt", "precio": 1372, "numero": ["511"], "escalas": 1, "saliendo": "28/12/2011", "compania": ["Lufthansa"]}
{"arrivando": "30/05/2012", "dest": "Frankfurt", "precio": 1372, "numero": ["511"], "escalas": 1, "saliendo": "28/12/2011", "compania": ["Lufthansa"]}
{"arrivando": "30/05/2012", "dest": "Frankfurt", "precio": 1372, "numero": ["511"], "escalas": 1, "saliendo": "28/12/2011", "compania": ["Lufthansa"]}
{"arrivando": "30/05/2012", "dest": "Frankfurt", "precio": 1372, "numero": ["511"], "escalas": 1, "saliendo": "28/12/2011", "compania": ["Lufthansa"]}
{"arrivando": "30/05/2012", "dest": "Frankfurt", "precio": 1372, "numero": ["511"], "escalas": 1, "saliendo": "28/12/2011", "compania": ["Lufthansa"]}
{"arrivando": "30/05/2012", "dest": "Frankfurt", "precio": 1372, "numero": ["511"], "escalas": 1, "saliendo": "28/12/2011", "compania": ["Lufthansa"]}
{"arrivando": "30/05/2012", "dest": "Frankfurt", "precio": 1372, "numero": ["511"], "escalas": 1, "saliendo": "28/12/2011", "compania": ["Lufthansa"]}
{"arrivando": "30/05/2012", "dest": "Frankfurt", "precio": 1372, "numero": ["511"], "escalas": 1, "saliendo": "28/12/2011", "compania": ["Lufthansa"]}
{"arrivando": "30/05/2012", "dest": "Frankfurt", "precio": 1372, "numero": ["511"], "escalas": 1, "saliendo": "28/12/2011", "compania": ["Lufthansa"]}
{"arrivando": "30/05/2012", "dest": "Frankfurt", "precio": 1372, "numero": ["511"], "escalas": 1, "saliendo": "28/12/2011", "compania": ["Lufthansa"]}
{"arrivando": "30/05/2012", "dest": "Frankfurt", "precio": 1372, "numero": ["511"], "escalas": 1, "saliendo": "28/12/2011", "compania": ["Lufthansa"]}
{"arrivando": "30/05/2012", "dest": "Frankfurt", "precio": 1372, "numero": ["511"], "escalas": 1, "saliendo": "28/12/2011", "compania": ["Lufthansa"]}
{"arrivando": "30/05/2012", "dest": "Frankfurt", "precio": 1372, "numero": ["511"], "escalas": 1, "saliendo": "28/12/2011", "compania": ["Lufthansa"]}
{"arrivando": "30/05/2012", "dest": "Frankfurt", "precio": 1372, "numero": ["511"], "escalas": 1, "saliendo": "28/12/2011", "compania": ["Lufthansa"]}
{"arrivando": "30/05/2012", "dest": "Frankfurt", "precio": 1372, "numero": ["511"], "escalas": 1, "saliendo": "28/12/2011", "compania": ["Lufthansa"]}
{"arrivando": "30/05/2012", "dest": "Frankfurt", "precio": 1372, "numero": ["511"], "escalas": 1, "saliendo": "28/12/2011", "compania": ["Lufthansa"]}
{"arrivando": "30/05/2012", "dest": "Frankfurt", "precio": 1372, "numero": ["511"], "escalas": 1, "saliendo": "28/12/2011", "compania": ["Lufthansa"]}
{"arrivando": "30/05/2012", "dest": "Frankfurt", "precio": 1372, "numero": ["511"], "escalas": 1, "saliendo": "28/12/2011", "compania": ["Lufthansa"]}
{"arrivando": "30/05/2012", "dest": "Frankfurt", "precio": 1372, "numero": ["511"], "escalas": 1, "saliendo": "28/12/2011", "compania": ["Lufthansa"]}
{"arrivando": "29/05/2012", "dest": "Frankfurt", "precio": 1323, "numero": ["511"], "escalas": 1, "saliendo": "28/12/2011", "compania": ["Lufthansa"]}
{"arrivando": "29/05/2012", "dest": "Frankfurt", "precio": 1323, "numero": ["511"], "escalas": 1, "saliendo": "28/12/2011", "compania": ["Lufthansa"]}
{"arrivando": "28/05/2012", "dest": "Frankfurt", "precio": 1372, "numero": ["511"], "escalas": 1, "saliendo": "28/12/2011", "compania": ["Lufthansa"]}
{"arrivando": "28/05/2012", "dest": "Frankfurt", "precio": 1372, "numero": ["511"], "escalas": 1, "saliendo": "28/12/2011", "compania": ["Lufthansa"]}
{"arrivando": "27/05/2012", "dest": "Frankfurt", "precio": 1517, "numero": ["511"], "escalas": 1, "saliendo": "28/12/2011", "compania": ["Lufthansa"]}
{"arrivando": "27/05/2012", "dest": "Frankfurt", "precio": 1517, "numero": ["511"], "escalas": 1, "saliendo": "28/12/2011", "compania": ["Lufthansa"]}
{"arrivando": "26/05/2012", "dest": "Frankfurt", "precio": 1517, "numero": ["511"], "escalas": 1, "saliendo": "28/12/2011", "compania": ["Lufthansa"]}
{"arrivando": "26/05/2012", "dest": "Frankfurt", "precio": 1517, "numero": ["511"], "escalas": 1, "saliendo": "28/12/2011", "compania": ["Lufthansa"]}
{"arrivando": "25/05/2012", "dest": "Frankfurt", "precio": 1372, "numero": ["511"], "escalas": 1, "saliendo": "28/12/2011", "compania": ["Lufthansa"]}
{"arrivando": "25/05/2012", "dest": "Frankfurt", "precio": 1372, "numero": ["511"], "escalas": 1, "saliendo": "28/12/2011", "compania": ["Lufthansa"]}
{"arrivando": "24/05/2012", "dest": "Frankfurt", "precio": 1372, "numero": ["511"], "escalas": 1, "saliendo": "28/12/2011", "compania": ["Lufthansa"]}
{"arrivando": "24/05/2012", "dest": "Frankfurt", "precio": 1372, "numero": ["511"], "escalas": 1, "saliendo": "28/12/2011", "compania": ["Lufthansa"]}
{"arrivando": "23/05/2012", "dest": "Frankfurt", "precio": 1372, "numero": ["511"], "escalas": 1, "saliendo": "28/12/2011", "compania": ["Lufthansa"]}
{"arrivando": "23/05/2012", "dest": "Frankfurt", "precio": 1372, "numero": ["511"], "escalas": 1, "saliendo": "28/12/2011", "compania": ["Lufthansa"]}
{"arrivando": "22/05/2012", "dest": "Frankfurt", "precio": 1323, "numero": ["511"], "escalas": 1, "saliendo": "28/12/2011", "compania": ["Lufthansa"]}
{"arrivando": "22/05/2012", "dest": "Frankfurt", "precio": 1323, "numero": ["511"], "escalas": 1, "saliendo": "28/12/2011", "compania": ["Lufthansa"]}
{"arrivando": "21/05/2012", "dest": "Frankfurt", "precio": 1372, "numero": ["511"], "escalas": 1, "saliendo": "28/12/2011", "compania": ["Lufthansa"]}
{"arrivando": "21/05/2012", "dest": "Frankfurt", "precio": 1372, "numero": ["511"], "escalas": 1, "saliendo": "28/12/2011", "compania": ["Lufthansa"]}
{"arrivando": "20/05/2012", "dest": "Frankfurt", "precio": 1372, "numero": ["511"], "escalas": 1, "saliendo": "28/12/2011", "compania": ["Lufthansa"]}
{"arrivando": "20/05/2012", "dest": "Frankfurt", "precio": 1372, "numero": ["511"], "escalas": 1, "saliendo": "28/12/2011", "compania": ["Lufthansa"]}
{"arrivando": "19/05/2012", "dest": "Frankfurt", "precio": 1437, "numero": ["511"], "escalas": 1, "saliendo": "28/12/2011", "compania": ["Lufthansa"]}
{"arrivando": "19/05/2012", "dest": "Frankfurt", "precio": 1437, "numero": ["511"], "escalas": 1, "saliendo": "28/12/2011", "compania": ["Lufthansa"]}
{"arrivando": "18/05/2012", "dest": "Frankfurt", "precio": 1517, "numero": ["511"], "escalas": 1, "saliendo": "28/12/2011", "compania": ["Lufthansa"]}
{"arrivando": "18/05/2012", "dest": "Frankfurt", "precio": 1517, "numero": ["511"], "escalas": 1, "saliendo": "28/12/2011", "compania": ["Lufthansa"]}
{"arrivando": "30/05/2012", "dest": "Frankfurt", "precio": 1372, "numero": ["511"], "escalas": 1, "saliendo": "28/12/2011", "compania": ["Lufthansa"]}
{"arrivando": "30/05/2012", "dest": "Frankfurt", "precio": 1372, "numero": ["511"], "escalas": 1, "saliendo": "28/12/2011", "compania": ["Lufthansa"]}
{"arrivando": "29/05/2012", "dest": "Frankfurt", "precio": 1323, "numero": ["511"], "escalas": 1, "saliendo": "28/12/2011", "compania": ["Lufthansa"]}
{"arrivando": "29/05/2012", "dest": "Frankfurt", "precio": 1323, "numero": ["511"], "escalas": 1, "saliendo": "28/12/2011", "compania": ["Lufthansa"]}
{"arrivando": "28/05/2012", "dest": "Frankfurt", "precio": 1372, "numero": ["511"], "escalas": 1, "saliendo": "28/12/2011", "compania": ["Lufthansa"]}
{"arrivando": "28/05/2012", "dest": "Frankfurt", "precio": 1372, "numero": ["511"], "escalas": 1, "saliendo": "28/12/2011", "compania": ["Lufthansa"]}
{"arrivando": "27/05/2012", "dest": "Frankfurt", "precio": 1517, "numero": ["511"], "escalas": 1, "saliendo": "28/12/2011", "compania": ["Lufthansa"]}
{"arrivando": "27/05/2012", "dest": "Frankfurt", "precio": 1517, "numero": ["511"], "escalas": 1, "saliendo": "28/12/2011", "compania": ["Lufthansa"]}
{"arrivando": "26/05/2012", "dest": "Frankfurt", "precio": 1517, "numero": ["511"], "escalas": 1, "saliendo": "28/12/2011", "compania": ["Lufthansa"]}
{"arrivando": "26/05/2012", "dest": "Frankfurt", "precio": 1517, "numero": ["511"], "escalas": 1, "saliendo": "28/12/2011", "compania": ["Lufthansa"]}
{"arrivando": "25/05/2012", "dest": "Frankfurt", "precio": 1372, "numero": ["511"], "escalas": 1, "saliendo": "28/12/2011", "compania": ["Lufthansa"]}
{"arrivando": "25/05/2012", "dest": "Frankfurt", "precio": 1372, "numero": ["511"], "escalas": 1, "saliendo": "28/12/2011", "compania": ["Lufthansa"]}
{"arrivando": "24/05/2012", "dest": "Frankfurt", "precio": 1372, "numero": ["511"], "escalas": 1, "saliendo": "28/12/2011", "compania": ["Lufthansa"]}
{"arrivando": "24/05/2012", "dest": "Frankfurt", "precio": 1372, "numero": ["511"], "escalas": 1, "saliendo": "28/12/2011", "compania": ["Lufthansa"]}
{"arrivando": "23/05/2012", "dest": "Frankfurt", "precio": 1372, "numero": ["511"], "escalas": 1, "saliendo": "28/12/2011", "compania": ["Lufthansa"]}
{"arrivando": "23/05/2012", "dest": "Frankfurt", "precio": 1372, "numero": ["511"], "escalas": 1, "saliendo": "28/12/2011", "compania": ["Lufthansa"]}
{"arrivando": "22/05/2012", "dest": "Frankfurt", "precio": 1323, "numero": ["511"], "escalas": 1, "saliendo": "28/12/2011", "compania": ["Lufthansa"]}
{"arrivando": "22/05/2012", "dest": "Frankfurt", "precio": 1323, "numero": ["511"], "escalas": 1, "saliendo": "28/12/2011", "compania": ["Lufthansa"]}
{"arrivando": "21/05/2012", "dest": "Frankfurt", "precio": 1372, "numero": ["511"], "escalas": 1, "saliendo": "28/12/2011", "compania": ["Lufthansa"]}
{"arrivando": "21/05/2012", "dest": "Frankfurt", "precio": 1372, "numero": ["511"], "escalas": 1, "saliendo": "28/12/2011", "compania": ["Lufthansa"]}
{"arrivando": "20/05/2012", "dest": "Frankfurt", "precio": 1372, "numero": ["511"], "escalas": 1, "saliendo": "28/12/2011", "compania": ["Lufthansa"]}
{"arrivando": "20/05/2012", "dest": "Frankfurt", "precio": 1372, "numero": ["511"], "escalas": 1, "saliendo": "28/12/2011", "compania": ["Lufthansa"]}
{"arrivando": "19/05/2012", "dest": "Frankfurt", "precio": 1437, "numero": ["511"], "escalas": 1, "saliendo": "28/12/2011", "compania": ["Lufthansa"]}
{"arrivando": "19/05/2012", "dest": "Frankfurt", "precio": 1437, "numero": ["511"], "escalas": 1, "saliendo": "28/12/2011", "compania": ["Lufthansa"]}
{"arrivando": "30/05/2012", "dest": "Frankfurt", "precio": 1372, "numero": ["511"], "escalas": 1, "saliendo": "28/12/2011", "compania": ["Lufthansa"]}
{"arrivando": "30/05/2012", "dest": "Frankfurt", "precio": 1372, "numero": ["511"], "escalas": 1, "saliendo": "28/12/2011", "compania": ["Lufthansa"]}
{"arrivando": "29/05/2012", "dest": "Frankfurt", "precio": 1323, "numero": ["511"], "escalas": 1, "saliendo": "28/12/2011", "compania": ["Lufthansa"]}
{"arrivando": "29/05/2012", "dest": "Frankfurt", "precio": 1323, "numero": ["511"], "escalas": 1, "saliendo": "28/12/2011", "compania": ["Lufthansa"]}
{"arrivando": "28/05/2012", "dest": "Frankfurt", "precio": 1372, "numero": ["511"], "escalas": 1, "saliendo": "28/12/2011", "compania": ["Lufthansa"]}
{"arrivando": "28/05/2012", "dest": "Frankfurt", "precio": 1372, "numero": ["511"], "escalas": 1, "saliendo": "28/12/2011", "compania": ["Lufthansa"]}
{"arrivando": "27/05/2012", "dest": "Frankfurt", "precio": 1517, "numero": ["511"], "escalas": 1, "saliendo": "28/12/2011", "compania": ["Lufthansa"]}
{"arrivando": "27/05/2012", "dest": "Frankfurt", "precio": 1517, "numero": ["511"], "escalas": 1, "saliendo": "28/12/2011", "compania": ["Lufthansa"]}
{"arrivando": "26/05/2012", "dest": "Frankfurt", "precio": 1517, "numero": ["511"], "escalas": 1, "saliendo": "28/12/2011", "compania": ["Lufthansa"]}
{"arrivando": "26/05/2012", "dest": "Frankfurt", "precio": 1517, "numero": ["511"], "escalas": 1, "saliendo": "28/12/2011", "compania": ["Lufthansa"]}
{"arrivando": "25/05/2012", "dest": "Frankfurt", "precio": 1372, "numero": ["511"], "escalas": 1, "saliendo": "28/12/2011", "compania": ["Lufthansa"]}
{"arrivando": "25/05/2012", "dest": "Frankfurt", "precio": 1372, "numero": ["511"], "escalas": 1, "saliendo": "28/12/2011", "compania": ["Lufthansa"]}
{"arrivando": "24/05/2012", "dest": "Frankfurt", "precio": 1372, "numero": ["511"], "escalas": 1, "saliendo": "28/12/2011", "compania": ["Lufthansa"]}
{"arrivando": "24/05/2012", "dest": "Frankfurt", "precio": 1372, "numero": ["511"], "escalas": 1, "saliendo": "28/12/2011", "compania": ["Lufthansa"]}
{"arrivando": "23/05/2012", "dest": "Frankfurt", "precio": 1372, "numero": ["511"], "escalas": 1, "saliendo": "28/12/2011", "compania": ["Lufthansa"]}
{"arrivando": "23/05/2012", "dest": "Frankfurt", "precio": 1372, "numero": ["511"], "escalas": 1, "saliendo": "28/12/2011", "compania": ["Lufthansa"]}
{"arrivando": "22/05/2012", "dest": "Frankfurt", "precio": 1323, "numero": ["511"], "escalas": 1, "saliendo": "28/12/2011", "compania": ["Lufthansa"]}
{"arrivando": "22/05/2012", "dest": "Frankfurt", "precio": 1323, "numero": ["511"], "escalas": 1, "saliendo": "28/12/2011", "compania": ["Lufthansa"]}
{"arrivando": "21/05/2012", "dest": "Frankfurt", "precio": 1372, "numero": ["511"], "escalas": 1, "saliendo": "28/12/2011", "compania": ["Lufthansa"]}
{"arrivando": "21/05/2012", "dest": "Frankfurt", "precio": 1372, "numero": ["511"], "escalas": 1, "saliendo": "28/12/2011", "compania": ["Lufthansa"]}
{"arrivando": "20/05/2012", "dest": "Frankfurt", "precio": 1372, "numero": ["511"], "escalas": 1, "saliendo": "28/12/2011", "compania": ["Lufthansa"]}
{"arrivando": "20/05/2012", "dest": "Frankfurt", "precio": 1372, "numero": ["511"], "escalas": 1, "saliendo": "28/12/2011", "compania": ["Lufthansa"]}
{"arrivando": "19/05/2012", "dest": "Frankfurt", "precio": 1437, "numero": ["511"], "escalas": 1, "saliendo": "28/12/2011", "compania": ["Lufthansa"]}
{"arrivando": "19/05/2012", "dest": "Frankfurt", "precio": 1437, "numero": ["511"], "escalas": 1, "saliendo": "28/12/2011", "compania": ["Lufthansa"]}
{"arrivando": "30/05/2012", "dest": "Frankfurt", "precio": 1372, "numero": ["511"], "escalas": 1, "saliendo": "28/12/2011", "compania": ["Lufthansa"]}
{"arrivando": "30/05/2012", "dest": "Frankfurt", "precio": 1372, "numero": ["511"], "escalas": 1, "saliendo": "28/12/2011", "compania": ["Lufthansa"]}
{"arrivando": "29/05/2012", "dest": "Frankfurt", "precio": 1323, "numero": ["511"], "escalas": 1, "saliendo": "28/12/2011", "compania": ["Lufthansa"]}
{"arrivando": "29/05/2012", "dest": "Frankfurt", "precio": 1323, "numero": ["511"], "escalas": 1, "saliendo": "28/12/2011", "compania": ["Lufthansa"]}
{"arrivando": "28/05/2012", "dest": "Frankfurt", "precio": 1372, "numero": ["511"], "escalas": 1, "saliendo": "28/12/2011", "compania": ["Lufthansa"]}
{"arrivando": "28/05/2012", "dest": "Frankfurt", "precio": 1372, "numero": ["511"], "escalas": 1, "saliendo": "28/12/2011", "compania": ["Lufthansa"]}
{"arrivando": "27/05/2012", "dest": "Frankfurt", "precio": 1517, "numero": ["511"], "escalas": 1, "saliendo": "28/12/2011", "compania": ["Lufthansa"]}
{"arrivando": "27/05/2012", "dest": "Frankfurt", "precio": 1517, "numero": ["511"], "escalas": 1, "saliendo": "28/12/2011", "compania": ["Lufthansa"]}
{"arrivando": "26/05/2012", "dest": "Frankfurt", "precio": 1517, "numero": ["511"], "escalas": 1, "saliendo": "28/12/2011", "compania": ["Lufthansa"]}
{"arrivando": "26/05/2012", "dest": "Frankfurt", "precio": 1517, "numero": ["511"], "escalas": 1, "saliendo": "28/12/2011", "compania": ["Lufthansa"]}
{"arrivando": "25/05/2012", "dest": "Frankfurt", "precio": 1372, "numero": ["511"], "escalas": 1, "saliendo": "28/12/2011", "compania": ["Lufthansa"]}
{"arrivando": "25/05/2012", "dest": "Frankfurt", "precio": 1372, "numero": ["511"], "escalas": 1, "saliendo": "28/12/2011", "compania": ["Lufthansa"]}
{"arrivando": "24/05/2012", "dest": "Frankfurt", "precio": 1372, "numero": ["511"], "escalas": 1, "saliendo": "28/12/2011", "compania": ["Lufthansa"]}
{"arrivando": "24/05/2012", "dest": "Frankfurt", "precio": 1372, "numero": ["511"], "escalas": 1, "saliendo": "28/12/2011", "compania": ["Lufthansa"]}
{"arrivando": "23/05/2012", "dest": "Frankfurt", "precio": 1372, "numero": ["511"], "escalas": 1, "saliendo": "28/12/2011", "compania": ["Lufthansa"]}
{"arrivando": "23/05/2012", "dest": "Frankfurt", "precio": 1372, "numero": ["511"], "escalas": 1, "saliendo": "28/12/2011", "compania": ["Lufthansa"]}
{"arrivando": "22/05/2012", "dest": "Frankfurt", "precio": 1323, "numero": ["511"], "escalas": 1, "saliendo": "28/12/2011", "compania": ["Lufthansa"]}
{"arrivando": "22/05/2012", "dest": "Frankfurt", "precio": 1323, "numero": ["511"], "escalas": 1, "saliendo": "28/12/2011", "compania": ["Lufthansa"]}
{"arrivando": "21/05/2012", "dest": "Frankfurt", "precio": 1372, "numero": ["511"], "escalas": 1, "saliendo": "28/12/2011", "compania": ["Lufthansa"]}
{"arrivando": "21/05/2012", "dest": "Frankfurt", "precio": 1372, "numero": ["511"], "escalas": 1, "saliendo": "28/12/2011", "compania": ["Lufthansa"]}
{"arrivando": "20/05/2012", "dest": "Frankfurt", "precio": 1372, "numero": ["511"], "escalas": 1, "saliendo": "28/12/2011", "compania": ["Lufthansa"]}
{"arrivando": "20/05/2012", "dest": "Frankfurt", "precio": 1372, "numero": ["511"], "escalas": 1, "saliendo": "28/12/2011", "compania": ["Lufthansa"]}
{"arrivando": "19/05/2012", "dest": "Frankfurt", "precio": 1437, "numero": ["511"], "escalas": 1, "saliendo": "28/12/2011", "compania": ["Lufthansa"]}
{"arrivando": "19/05/2012", "dest": "Frankfurt", "precio": 1437, "numero": ["511"], "escalas": 1, "saliendo": "28/12/2011", "compania": ["Lufthansa"]}
{"arrivando": "30/05/2012", "dest": "Frankfurt", "precio": 1372, "numero": ["511"], "escalas": 1, "saliendo": "28/12/2011", "compania": ["Lufthansa"]}
{"arrivando": "30/05/2012", "dest": "Frankfurt", "precio": 1372, "numero": ["511"], "escalas": 1, "saliendo": "28/12/2011", "compania": ["Lufthansa"]}
{"arrivando": "29/05/2012", "dest": "Frankfurt", "precio": 1323, "numero": ["511"], "escalas": 1, "saliendo": "28/12/2011", "compania": ["Lufthansa"]}
{"arrivando": "29/05/2012", "dest": "Frankfurt", "precio": 1323, "numero": ["511"], "escalas": 1, "saliendo": "28/12/2011", "compania": ["Lufthansa"]}
{"arrivando": "28/05/2012", "dest": "Frankfurt", "precio": 1372, "numero": ["511"], "escalas": 1, "saliendo": "28/12/2011", "compania": ["Lufthansa"]}
{"arrivando": "28/05/2012", "dest": "Frankfurt", "precio": 1372, "numero": ["511"], "escalas": 1, "saliendo": "28/12/2011", "compania": ["Lufthansa"]}
{"arrivando": "27/05/2012", "dest": "Frankfurt", "precio": 1517, "numero": ["511"], "escalas": 1, "saliendo": "28/12/2011", "compania": ["Lufthansa"]}
{"arrivando": "27/05/2012", "dest": "Frankfurt", "precio": 1517, "numero": ["511"], "escalas": 1, "saliendo": "28/12/2011", "compania": ["Lufthansa"]}
{"arrivando": "26/05/2012", "dest": "Frankfurt", "precio": 1517, "numero": ["511"], "escalas": 1, "saliendo": "28/12/2011", "compania": ["Lufthansa"]}
{"arrivando": "26/05/2012", "dest": "Frankfurt", "precio": 1517, "numero": ["511"], "escalas": 1, "saliendo": "28/12/2011", "compania": ["Lufthansa"]}
{"arrivando": "25/05/2012", "dest": "Frankfurt", "precio": 1372, "numero": ["511"], "escalas": 1, "saliendo": "28/12/2011", "compania": ["Lufthansa"]}
{"arrivando": "25/05/2012", "dest": "Frankfurt", "precio": 1372, "numero": ["511"], "escalas": 1, "saliendo": "28/12/2011", "compania": ["Lufthansa"]}
{"arrivando": "24/05/2012", "dest": "Frankfurt", "precio": 1372, "numero": ["511"], "escalas": 1, "saliendo": "28/12/2011", "compania": ["Lufthansa"]}
{"arrivando": "24/05/2012", "dest": "Frankfurt", "precio": 1372, "numero": ["511"], "escalas": 1, "saliendo": "28/12/2011", "compania": ["Lufthansa"]}
{"arrivando": "23/05/2012", "dest": "Frankfurt", "precio": 1372, "numero": ["511"], "escalas": 1, "saliendo": "28/12/2011", "compania": ["Lufthansa"]}
{"arrivando": "23/05/2012", "dest": "Frankfurt", "precio": 1372, "numero": ["511"], "escalas": 1, "saliendo": "28/12/2011", "compania": ["Lufthansa"]}
{"arrivando": "22/05/2012", "dest": "Frankfurt", "precio": 1323, "numero": ["511"], "escalas": 1, "saliendo": "28/12/2011", "compania": ["Lufthansa"]}
{"arrivando": "22/05/2012", "dest": "Frankfurt", "precio": 1323, "numero": ["511"], "escalas": 1, "saliendo": "28/12/2011", "compania": ["Lufthansa"]}
{"arrivando": "21/05/2012", "dest": "Frankfurt", "precio": 1372, "numero": ["511"], "escalas": 1, "saliendo": "28/12/2011", "compania": ["Lufthansa"]}
{"arrivando": "21/05/2012", "dest": "Frankfurt", "precio": 1372, "numero": ["511"], "escalas": 1, "saliendo": "28/12/2011", "compania": ["Lufthansa"]}
{"arrivando": "20/05/2012", "dest": "Frankfurt", "precio": 1372, "numero": ["511"], "escalas": 1, "saliendo": "28/12/2011", "compania": ["Lufthansa"]}
{"arrivando": "20/05/2012", "dest": "Frankfurt", "precio": 1372, "numero": ["511"], "escalas": 1, "saliendo": "28/12/2011", "compania": ["Lufthansa"]}
{"arrivando": "19/05/2012", "dest": "Frankfurt", "precio": 1437, "numero": ["511"], "escalas": 1, "saliendo": "28/12/2011", "compania": ["Lufthansa"]}
{"arrivando": "19/05/2012", "dest": "Frankfurt", "precio": 1437, "numero": ["511"], "escalas": 1, "saliendo": "28/12/2011", "compania": ["Lufthansa"]}
{"arrivando": "30/05/2012", "dest": "Frankfurt", "precio": 1372, "numero": ["511"], "escalas": 1, "saliendo": "29/12/2011", "compania": ["Lufthansa"]}
{"arrivando": "30/05/2012", "dest": "Frankfurt", "precio": 1372, "numero": ["511"], "escalas": 1, "saliendo": "29/12/2011", "compania": ["Lufthansa"]}
{"arrivando": "29/05/2012", "dest": "Frankfurt", "precio": 1323, "numero": ["511"], "escalas": 1, "saliendo": "29/12/2011", "compania": ["Lufthansa"]}
{"arrivando": "29/05/2012", "dest": "Frankfurt", "precio": 1323, "numero": ["511"], "escalas": 1, "saliendo": "29/12/2011", "compania": ["Lufthansa"]}
{"arrivando": "28/05/2012", "dest": "Frankfurt", "precio": 1372, "numero": ["511"], "escalas": 1, "saliendo": "29/12/2011", "compania": ["Lufthansa"]}
{"arrivando": "28/05/2012", "dest": "Frankfurt", "precio": 1372, "numero": ["511"], "escalas": 1, "saliendo": "29/12/2011", "compania": ["Lufthansa"]}
{"arrivando": "27/05/2012", "dest": "Frankfurt", "precio": 1517, "numero": ["511"], "escalas": 1, "saliendo": "29/12/2011", "compania": ["Lufthansa"]}
{"arrivando": "27/05/2012", "dest": "Frankfurt", "precio": 1517, "numero": ["511"], "escalas": 1, "saliendo": "29/12/2011", "compania": ["Lufthansa"]}
{"arrivando": "26/05/2012", "dest": "Frankfurt", "precio": 1517, "numero": ["511"], "escalas": 1, "saliendo": "29/12/2011", "compania": ["Lufthansa"]}
{"arrivando": "26/05/2012", "dest": "Frankfurt", "precio": 1517, "numero": ["511"], "escalas": 1, "saliendo": "29/12/2011", "compania": ["Lufthansa"]}
{"arrivando": "25/05/2012", "dest": "Frankfurt", "precio": 1372, "numero": ["511"], "escalas": 1, "saliendo": "29/12/2011", "compania": ["Lufthansa"]}
{"arrivando": "25/05/2012", "dest": "Frankfurt", "precio": 1372, "numero": ["511"], "escalas": 1, "saliendo": "29/12/2011", "compania": ["Lufthansa"]}
{"arrivando": "24/05/2012", "dest": "Frankfurt", "precio": 1372, "numero": ["511"], "escalas": 1, "saliendo": "29/12/2011", "compania": ["Lufthansa"]}
{"arrivando": "24/05/2012", "dest": "Frankfurt", "precio": 1372, "numero": ["511"], "escalas": 1, "saliendo": "29/12/2011", "compania": ["Lufthansa"]}
{"arrivando": "23/05/2012", "dest": "Frankfurt", "precio": 1372, "numero": ["511"], "escalas": 1, "saliendo": "29/12/2011", "compania": ["Lufthansa"]}
{"arrivando": "23/05/2012", "dest": "Frankfurt", "precio": 1372, "numero": ["511"], "escalas": 1, "saliendo": "29/12/2011", "compania": ["Lufthansa"]}
{"arrivando": "22/05/2012", "dest": "Frankfurt", "precio": 1323, "numero": ["511"], "escalas": 1, "saliendo": "29/12/2011", "compania": ["Lufthansa"]}
{"arrivando": "22/05/2012", "dest": "Frankfurt", "precio": 1323, "numero": ["511"], "escalas": 1, "saliendo": "29/12/2011", "compania": ["Lufthansa"]}
{"arrivando": "21/05/2012", "dest": "Frankfurt", "precio": 1372, "numero": ["511"], "escalas": 1, "saliendo": "29/12/2011", "compania": ["Lufthansa"]}
{"arrivando": "21/05/2012", "dest": "Frankfurt", "precio": 1372, "numero": ["511"], "escalas": 1, "saliendo": "29/12/2011", "compania": ["Lufthansa"]}
{"arrivando": "20/05/2012", "dest": "Frankfurt", "precio": 1372, "numero": ["511"], "escalas": 1, "saliendo": "29/12/2011", "compania": ["Lufthansa"]}
{"arrivando": "20/05/2012", "dest": "Frankfurt", "precio": 1372, "numero": ["511"], "escalas": 1, "saliendo": "29/12/2011", "compania": ["Lufthansa"]}
{"arrivando": "19/05/2012", "dest": "Frankfurt", "precio": 1437, "numero": ["511"], "escalas": 1, "saliendo": "29/12/2011", "compania": ["Lufthansa"]}
{"arrivando": "19/05/2012", "dest": "Frankfurt", "precio": 1437, "numero": ["511"], "escalas": 1, "saliendo": "29/12/2011", "compania": ["Lufthansa"]}
{"arrivando": "30/05/2012", "dest": "Frankfurt", "precio": 1660, "numero": ["511"], "escalas": 1, "saliendo": "30/12/2011", "compania": ["Lufthansa"]}
{"arrivando": "30/05/2012", "dest": "Frankfurt", "precio": 1660, "numero": ["511"], "escalas": 1, "saliendo": "30/12/2011", "compania": ["Lufthansa"]}
{"arrivando": "29/05/2012", "dest": "Frankfurt", "precio": 1517, "numero": ["511"], "escalas": 1, "saliendo": "30/12/2011", "compania": ["Lufthansa"]}
{"arrivando": "29/05/2012", "dest": "Frankfurt", "precio": 1517, "numero": ["511"], "escalas": 1, "saliendo": "30/12/2011", "compania": ["Lufthansa"]}
{"arrivando": "28/05/2012", "dest": "Frankfurt", "precio": 1564, "numero": ["511"], "escalas": 1, "saliendo": "30/12/2011", "compania": ["Lufthansa"]}
{"arrivando": "28/05/2012", "dest": "Frankfurt", "precio": 1564, "numero": ["511"], "escalas": 1, "saliendo": "30/12/2011", "compania": ["Lufthansa"]}
{"arrivando": "27/05/2012", "dest": "Frankfurt", "precio": 1709, "numero": ["511"], "escalas": 1, "saliendo": "30/12/2011", "compania": ["Lufthansa"]}
{"arrivando": "27/05/2012", "dest": "Frankfurt", "precio": 1709, "numero": ["511"], "escalas": 1, "saliendo": "30/12/2011", "compania": ["Lufthansa"]}
{"arrivando": "26/05/2012", "dest": "Frankfurt", "precio": 1709, "numero": ["511"], "escalas": 1, "saliendo": "30/12/2011", "compania": ["Lufthansa"]}
{"arrivando": "26/05/2012", "dest": "Frankfurt", "precio": 1709, "numero": ["511"], "escalas": 1, "saliendo": "30/12/2011", "compania": ["Lufthansa"]}
{"arrivando": "25/05/2012", "dest": "Frankfurt", "precio": 1564, "numero": ["511"], "escalas": 1, "saliendo": "30/12/2011", "compania": ["Lufthansa"]}
{"arrivando": "25/05/2012", "dest": "Frankfurt", "precio": 1564, "numero": ["511"], "escalas": 1, "saliendo": "30/12/2011", "compania": ["Lufthansa"]}
{"arrivando": "24/05/2012", "dest": "Frankfurt", "precio": 1564, "numero": ["511"], "escalas": 1, "saliendo": "30/12/2011", "compania": ["Lufthansa"]}
{"arrivando": "24/05/2012", "dest": "Frankfurt", "precio": 1564, "numero": ["511"], "escalas": 1, "saliendo": "30/12/2011", "compania": ["Lufthansa"]}
{"arrivando": "23/05/2012", "dest": "Frankfurt", "precio": 1564, "numero": ["511"], "escalas": 1, "saliendo": "30/12/2011", "compania": ["Lufthansa"]}
{"arrivando": "23/05/2012", "dest": "Frankfurt", "precio": 1564, "numero": ["511"], "escalas": 1, "saliendo": "30/12/2011", "compania": ["Lufthansa"]}
{"arrivando": "22/05/2012", "dest": "Frankfurt", "precio": 1517, "numero": ["511"], "escalas": 1, "saliendo": "30/12/2011", "compania": ["Lufthansa"]}
{"arrivando": "22/05/2012", "dest": "Frankfurt", "precio": 1517, "numero": ["511"], "escalas": 1, "saliendo": "30/12/2011", "compania": ["Lufthansa"]}
{"arrivando": "21/05/2012", "dest": "Frankfurt", "precio": 1564, "numero": ["511"], "escalas": 1, "saliendo": "30/12/2011", "compania": ["Lufthansa"]}
{"arrivando": "21/05/2012", "dest": "Frankfurt", "precio": 1564, "numero": ["511"], "escalas": 1, "saliendo": "30/12/2011", "compania": ["Lufthansa"]}
{"arrivando": "20/05/2012", "dest": "Frankfurt", "precio": 1564, "numero": ["511"], "escalas": 1, "saliendo": "30/12/2011", "compania": ["Lufthansa"]}
{"arrivando": "20/05/2012", "dest": "Frankfurt", "precio": 1564, "numero": ["511"], "escalas": 1, "saliendo": "30/12/2011", "compania": ["Lufthansa"]}
{"arrivando": "19/05/2012", "dest": "Frankfurt", "precio": 1629, "numero": ["511"], "escalas": 1, "saliendo": "30/12/2011", "compania": ["Lufthansa"]}
{"arrivando": "19/05/2012", "dest": "Frankfurt", "precio": 1629, "numero": ["511"], "escalas": 1, "saliendo": "30/12/2011", "compania": ["Lufthansa"]}
{"arrivando": "30/05/2012", "dest": "Frankfurt", "precio": 1419, "numero": ["511"], "escalas": 1, "saliendo": "31/12/2011", "compania": ["Lufthansa"]}
{"arrivando": "30/05/2012", "dest": "Frankfurt", "precio": 1419, "numero": ["511"], "escalas": 1, "saliendo": "31/12/2011", "compania": ["Lufthansa"]}
{"arrivando": "29/05/2012", "dest": "Frankfurt", "precio": 1372, "numero": ["511"], "escalas": 1, "saliendo": "31/12/2011", "compania": ["Lufthansa"]}
{"arrivando": "29/05/2012", "dest": "Frankfurt", "precio": 1372, "numero": ["511"], "escalas": 1, "saliendo": "31/12/2011", "compania": ["Lufthansa"]}
{"arrivando": "28/05/2012", "dest": "Frankfurt", "precio": 1600, "numero": ["8235", "8070"], "escalas": 2, "saliendo": "31/12/2011", "compania": ["Tam"]}
{"arrivando": "28/05/2012", "dest": "Frankfurt", "precio": 1912, "numero": ["511"], "escalas": 1, "saliendo": "31/12/2011", "compania": ["Lufthansa"]}
{"arrivando": "27/05/2012", "dest": "Frankfurt", "precio": 1419, "numero": ["511"], "escalas": 1, "saliendo": "31/12/2011", "compania": ["Lufthansa"]}
{"arrivando": "27/05/2012", "dest": "Frankfurt", "precio": 1419, "numero": ["511"], "escalas": 1, "saliendo": "31/12/2011", "compania": ["Lufthansa"]}
{"arrivando": "26/05/2012", "dest": "Frankfurt", "precio": 1564, "numero": ["511"], "escalas": 1, "saliendo": "31/12/2011", "compania": ["Lufthansa"]}
{"arrivando": "26/05/2012", "dest": "Frankfurt", "precio": 1564, "numero": ["511"], "escalas": 1, "saliendo": "31/12/2011", "compania": ["Lufthansa"]}
{"arrivando": "25/05/2012", "dest": "Frankfurt", "precio": 1419, "numero": ["511"], "escalas": 1, "saliendo": "31/12/2011", "compania": ["Lufthansa"]}
{"arrivando": "25/05/2012", "dest": "Frankfurt", "precio": 1419, "numero": ["511"], "escalas": 1, "saliendo": "31/12/2011", "compania": ["Lufthansa"]}
{"arrivando": "24/05/2012", "dest": "Frankfurt", "precio": 1419, "numero": ["511"], "escalas": 1, "saliendo": "31/12/2011", "compania": ["Lufthansa"]}
{"arrivando": "24/05/2012", "dest": "Frankfurt", "precio": 1419, "numero": ["511"], "escalas": 1, "saliendo": "31/12/2011", "compania": ["Lufthansa"]}
{"arrivando": "23/05/2012", "dest": "Frankfurt", "precio": 1419, "numero": ["511"], "escalas": 1, "saliendo": "31/12/2011", "compania": ["Lufthansa"]}
{"arrivando": "23/05/2012", "dest": "Frankfurt", "precio": 1419, "numero": ["511"], "escalas": 1, "saliendo": "31/12/2011", "compania": ["Lufthansa"]}
{"arrivando": "22/05/2012", "dest": "Frankfurt", "precio": 1372, "numero": ["511"], "escalas": 1, "saliendo": "31/12/2011", "compania": ["Lufthansa"]}
{"arrivando": "22/05/2012", "dest": "Frankfurt", "precio": 1372, "numero": ["511"], "escalas": 1, "saliendo": "31/12/2011", "compania": ["Lufthansa"]}
{"arrivando": "21/05/2012", "dest": "Frankfurt", "precio": 1419, "numero": ["511"], "escalas": 1, "saliendo": "31/12/2011", "compania": ["Lufthansa"]}
{"arrivando": "21/05/2012", "dest": "Frankfurt", "precio": 1419, "numero": ["511"], "escalas": 1, "saliendo": "31/12/2011", "compania": ["Lufthansa"]}
{"arrivando": "20/05/2012", "dest": "Frankfurt", "precio": 1419, "numero": ["511"], "escalas": 1, "saliendo": "31/12/2011", "compania": ["Lufthansa"]}
{"arrivando": "20/05/2012", "dest": "Frankfurt", "precio": 1419, "numero": ["511"], "escalas": 1, "saliendo": "31/12/2011", "compania": ["Lufthansa"]}
{"arrivando": "19/05/2012", "dest": "Frankfurt", "precio": 1484, "numero": ["511"], "escalas": 1, "saliendo": "31/12/2011", "compania": ["Lufthansa"]}
{"arrivando": "19/05/2012", "dest": "Frankfurt", "precio": 1484, "numero": ["511"], "escalas": 1, "saliendo": "31/12/2011", "compania": ["Lufthansa"]}
{"arrivando": "30/05/2012", "dest": "Frankfurt", "precio": 2064, "numero": ["511"], "escalas": 1, "saliendo": "01/01/2012", "compania": ["Lufthansa"]}
{"arrivando": "30/05/2012", "dest": "Frankfurt", "precio": 2064, "numero": ["511"], "escalas": 1, "saliendo": "01/01/2012", "compania": ["Lufthansa"]}
{"arrivando": "29/05/2012", "dest": "Frankfurt", "precio": 2018, "numero": ["511"], "escalas": 1, "saliendo": "01/01/2012", "compania": ["Lufthansa"]}
{"arrivando": "29/05/2012", "dest": "Frankfurt", "precio": 2018, "numero": ["511"], "escalas": 1, "saliendo": "01/01/2012", "compania": ["Lufthansa"]}
{"arrivando": "28/05/2012", "dest": "Frankfurt", "precio": 2064, "numero": ["511"], "escalas": 1, "saliendo": "01/01/2012", "compania": ["Lufthansa"]}
{"arrivando": "28/05/2012", "dest": "Frankfurt", "precio": 2064, "numero": ["511"], "escalas": 1, "saliendo": "01/01/2012", "compania": ["Lufthansa"]}
{"arrivando": "27/05/2012", "dest": "Frankfurt", "precio": 2064, "numero": ["511"], "escalas": 1, "saliendo": "01/01/2012", "compania": ["Lufthansa"]}
{"arrivando": "27/05/2012", "dest": "Frankfurt", "precio": 2064, "numero": ["511"], "escalas": 1, "saliendo": "01/01/2012", "compania": ["Lufthansa"]}
{"arrivando": "26/05/2012", "dest": "Frankfurt", "precio": 2063, "numero": ["511"], "escalas": 1, "saliendo": "01/01/2012", "compania": ["Lufthansa"]}
{"arrivando": "26/05/2012", "dest": "Frankfurt", "precio": 2063, "numero": ["511"], "escalas": 1, "saliendo": "01/01/2012", "compania": ["Lufthansa"]}
{"arrivando": "25/05/2012", "dest": "Frankfurt", "precio": 2063, "numero": ["511"], "escalas": 1, "saliendo": "01/01/2012", "compania": ["Lufthansa"]}
{"arrivando": "25/05/2012", "dest": "Frankfurt", "precio": 2063, "numero": ["511"], "escalas": 1, "saliendo": "01/01/2012", "compania": ["Lufthansa"]}
{"arrivando": "24/05/2012", "dest": "Frankfurt", "precio": 2064, "numero": ["511"], "escalas": 1, "saliendo": "01/01/2012", "compania": ["Lufthansa"]}
{"arrivando": "24/05/2012", "dest": "Frankfurt", "precio": 2064, "numero": ["511"], "escalas": 1, "saliendo": "01/01/2012", "compania": ["Lufthansa"]}
{"arrivando": "23/05/2012", "dest": "Frankfurt", "precio": 2064, "numero": ["511"], "escalas": 1, "saliendo": "01/01/2012", "compania": ["Lufthansa"]}
{"arrivando": "23/05/2012", "dest": "Frankfurt", "precio": 2064, "numero": ["511"], "escalas": 1, "saliendo": "01/01/2012", "compania": ["Lufthansa"]}
{"arrivando": "22/05/2012", "dest": "Frankfurt", "precio": 2018, "numero": ["511"], "escalas": 1, "saliendo": "01/01/2012", "compania": ["Lufthansa"]}
{"arrivando": "22/05/2012", "dest": "Frankfurt", "precio": 2018, "numero": ["511"], "escalas": 1, "saliendo": "01/01/2012", "compania": ["Lufthansa"]}
{"arrivando": "21/05/2012", "dest": "Frankfurt", "precio": 2064, "numero": ["511"], "escalas": 1, "saliendo": "01/01/2012", "compania": ["Lufthansa"]}
{"arrivando": "21/05/2012", "dest": "Frankfurt", "precio": 2064, "numero": ["511"], "escalas": 1, "saliendo": "01/01/2012", "compania": ["Lufthansa"]}
{"arrivando": "20/05/2012", "dest": "Frankfurt", "precio": 2064, "numero": ["511"], "escalas": 1, "saliendo": "01/01/2012", "compania": ["Lufthansa"]}
{"arrivando": "20/05/2012", "dest": "Frankfurt", "precio": 2064, "numero": ["511"], "escalas": 1, "saliendo": "01/01/2012", "compania": ["Lufthansa"]}
{"arrivando": "19/05/2012", "dest": "Frankfurt", "precio": 2063, "numero": ["511"], "escalas": 1, "saliendo": "01/01/2012", "compania": ["Lufthansa"]}
{"arrivando": "19/05/2012", "dest": "Frankfurt", "precio": 2063, "numero": ["511"], "escalas": 1, "saliendo": "01/01/2012", "compania": ["Lufthansa"]}
{"arrivando": "02/08/2012", "dest": "Frankfurt", "precio": 1437, "numero": ["511"], "escalas": 1, "saliendo": "28/12/2011", "compania": ["Lufthansa"]}
{"arrivando": "02/08/2012", "dest": "Frankfurt", "precio": 1437, "numero": ["511"], "escalas": 1, "saliendo": "28/12/2011", "compania": ["Lufthansa"]}
{"arrivando": "01/08/2012", "dest": "Frankfurt", "precio": 1372, "numero": ["511"], "escalas": 1, "saliendo": "28/12/2011", "compania": ["Lufthansa"]}
{"arrivando": "01/08/2012", "dest": "Frankfurt", "precio": 1372, "numero": ["511"], "escalas": 1, "saliendo": "28/12/2011", "compania": ["Lufthansa"]}
{"arrivando": "31/07/2012", "dest": "Frankfurt", "precio": 1612, "numero": ["511"], "escalas": 1, "saliendo": "28/12/2011", "compania": ["Lufthansa"]}
{"arrivando": "31/07/2012", "dest": "Frankfurt", "precio": 1612, "numero": ["511"], "escalas": 1, "saliendo": "28/12/2011", "compania": ["Lufthansa"]}
{"arrivando": "30/07/2012", "dest": "Frankfurt", "precio": 1437, "numero": ["511"], "escalas": 1, "saliendo": "28/12/2011", "compania": ["Lufthansa"]}
{"arrivando": "30/07/2012", "dest": "Frankfurt", "precio": 1437, "numero": ["511"], "escalas": 1, "saliendo": "28/12/2011", "compania": ["Lufthansa"]}
{"arrivando": "29/07/2012", "dest": "Frankfurt", "precio": 1437, "numero": ["511"], "escalas": 1, "saliendo": "28/12/2011", "compania": ["Lufthansa"]}
{"arrivando": "29/07/2012", "dest": "Frankfurt", "precio": 1437, "numero": ["511"], "escalas": 1, "saliendo": "28/12/2011", "compania": ["Lufthansa"]}
{"arrivando": "28/07/2012", "dest": "Frankfurt", "precio": 1372, "numero": ["511"], "escalas": 1, "saliendo": "28/12/2011", "compania": ["Lufthansa"]}
{"arrivando": "28/07/2012", "dest": "Frankfurt", "precio": 1372, "numero": ["511"], "escalas": 1, "saliendo": "28/12/2011", "compania": ["Lufthansa"]}
{"arrivando": "27/07/2012", "dest": "Frankfurt", "precio": 1372, "numero": ["511"], "escalas": 1, "saliendo": "28/12/2011", "compania": ["Lufthansa"]}
{"arrivando": "27/07/2012", "dest": "Frankfurt", "precio": 1372, "numero": ["511"], "escalas": 1, "saliendo": "28/12/2011", "compania": ["Lufthansa"]}
{"arrivando": "26/07/2012", "dest": "Frankfurt", "precio": 1372, "numero": ["511"], "escalas": 1, "saliendo": "28/12/2011", "compania": ["Lufthansa"]}
{"arrivando": "26/07/2012", "dest": "Frankfurt", "precio": 1372, "numero": ["511"], "escalas": 1, "saliendo": "28/12/2011", "compania": ["Lufthansa"]}
{"arrivando": "25/07/2012", "dest": "Frankfurt", "precio": 1323, "numero": ["511"], "escalas": 1, "saliendo": "28/12/2011", "compania": ["Lufthansa"]}
{"arrivando": "25/07/2012", "dest": "Frankfurt", "precio": 1323, "numero": ["511"], "escalas": 1, "saliendo": "28/12/2011", "compania": ["Lufthansa"]}
{"arrivando": "24/07/2012", "dest": "Frankfurt", "precio": 1323, "numero": ["511"], "escalas": 1, "saliendo": "28/12/2011", "compania": ["Lufthansa"]}
{"arrivando": "24/07/2012", "dest": "Frankfurt", "precio": 1323, "numero": ["511"], "escalas": 1, "saliendo": "28/12/2011", "compania": ["Lufthansa"]}
{"arrivando": "23/07/2012", "dest": "Frankfurt", "precio": 1323, "numero": ["511"], "escalas": 1, "saliendo": "28/12/2011", "compania": ["Lufthansa"]}
{"arrivando": "23/07/2012", "dest": "Frankfurt", "precio": 1323, "numero": ["511"], "escalas": 1, "saliendo": "28/12/2011", "compania": ["Lufthansa"]}
{"arrivando": "22/07/2012", "dest": "Frankfurt", "precio": 1372, "numero": ["511"], "escalas": 1, "saliendo": "28/12/2011", "compania": ["Lufthansa"]}
{"arrivando": "22/07/2012", "dest": "Frankfurt", "precio": 1372, "numero": ["511"], "escalas": 1, "saliendo": "28/12/2011", "compania": ["Lufthansa"]}
{"arrivando": "02/08/2012", "dest": "Frankfurt", "precio": 1437, "numero": ["511"], "escalas": 1, "saliendo": "29/12/2011", "compania": ["Lufthansa"]}
{"arrivando": "02/08/2012", "dest": "Frankfurt", "precio": 1437, "numero": ["511"], "escalas": 1, "saliendo": "29/12/2011", "compania": ["Lufthansa"]}
{"arrivando": "01/08/2012", "dest": "Frankfurt", "precio": 1372, "numero": ["511"], "escalas": 1, "saliendo": "29/12/2011", "compania": ["Lufthansa"]}
{"arrivando": "01/08/2012", "dest": "Frankfurt", "precio": 1372, "numero": ["511"], "escalas": 1, "saliendo": "29/12/2011", "compania": ["Lufthansa"]}
{"arrivando": "31/07/2012", "dest": "Frankfurt", "precio": 1569, "numero": ["8235", "8070"], "escalas": 2, "saliendo": "29/12/2011", "compania": ["Tam"]}
{"arrivando": "31/07/2012", "dest": "Frankfurt", "precio": 1612, "numero": ["511"], "escalas": 1, "saliendo": "29/12/2011", "compania": ["Lufthansa"]}
{"arrivando": "30/07/2012", "dest": "Frankfurt", "precio": 1437, "numero": ["511"], "escalas": 1, "saliendo": "29/12/2011", "compania": ["Lufthansa"]}
{"arrivando": "30/07/2012", "dest": "Frankfurt", "precio": 1437, "numero": ["511"], "escalas": 1, "saliendo": "29/12/2011", "compania": ["Lufthansa"]}
{"arrivando": "29/07/2012", "dest": "Frankfurt", "precio": 1437, "numero": ["511"], "escalas": 1, "saliendo": "29/12/2011", "compania": ["Lufthansa"]}
{"arrivando": "29/07/2012", "dest": "Frankfurt", "precio": 1437, "numero": ["511"], "escalas": 1, "saliendo": "29/12/2011", "compania": ["Lufthansa"]}
{"arrivando": "28/07/2012", "dest": "Frankfurt", "precio": 1372, "numero": ["511"], "escalas": 1, "saliendo": "29/12/2011", "compania": ["Lufthansa"]}
{"arrivando": "28/07/2012", "dest": "Frankfurt", "precio": 1372, "numero": ["511"], "escalas": 1, "saliendo": "29/12/2011", "compania": ["Lufthansa"]}
{"arrivando": "26/07/2012", "dest": "Frankfurt", "precio": 1372, "numero": ["511"], "escalas": 1, "saliendo": "29/12/2011", "compania": ["Lufthansa"]}
{"arrivando": "26/07/2012", "dest": "Frankfurt", "precio": 1372, "numero": ["511"], "escalas": 1, "saliendo": "29/12/2011", "compania": ["Lufthansa"]}
{"arrivando": "25/07/2012", "dest": "Frankfurt", "precio": 1323, "numero": ["511"], "escalas": 1, "saliendo": "29/12/2011", "compania": ["Lufthansa"]}
{"arrivando": "25/07/2012", "dest": "Frankfurt", "precio": 1323, "numero": ["511"], "escalas": 1, "saliendo": "29/12/2011", "compania": ["Lufthansa"]}
{"arrivando": "24/07/2012", "dest": "Frankfurt", "precio": 1323, "numero": ["511"], "escalas": 1, "saliendo": "29/12/2011", "compania": ["Lufthansa"]}
{"arrivando": "24/07/2012", "dest": "Frankfurt", "precio": 1323, "numero": ["511"], "escalas": 1, "saliendo": "29/12/2011", "compania": ["Lufthansa"]}
{"arrivando": "23/07/2012", "dest": "Frankfurt", "precio": 1323, "numero": ["511"], "escalas": 1, "saliendo": "29/12/2011", "compania": ["Lufthansa"]}
{"arrivando": "23/07/2012", "dest": "Frankfurt", "precio": 1323, "numero": ["511"], "escalas": 1, "saliendo": "29/12/2011", "compania": ["Lufthansa"]}
{"arrivando": "22/07/2012", "dest": "Frankfurt", "precio": 1372, "numero": ["511"], "escalas": 1, "saliendo": "29/12/2011", "compania": ["Lufthansa"]}
{"arrivando": "22/07/2012", "dest": "Frankfurt", "precio": 1372, "numero": ["511"], "escalas": 1, "saliendo": "29/12/2011", "compania": ["Lufthansa"]}
{"arrivando": "02/08/2012", "dest": "Frankfurt", "precio": 1629, "numero": ["511"], "escalas": 1, "saliendo": "30/12/2011", "compania": ["Lufthansa"]}
{"arrivando": "02/08/2012", "dest": "Frankfurt", "precio": 1629, "numero": ["511"], "escalas": 1, "saliendo": "30/12/2011", "compania": ["Lufthansa"]}
{"arrivando": "01/08/2012", "dest": "Frankfurt", "precio": 1564, "numero": ["511"], "escalas": 1, "saliendo": "30/12/2011", "compania": ["Lufthansa"]}
{"arrivando": "01/08/2012", "dest": "Frankfurt", "precio": 1564, "numero": ["511"], "escalas": 1, "saliendo": "30/12/2011", "compania": ["Lufthansa"]}
{"arrivando": "31/07/2012", "dest": "Frankfurt", "precio": 1564, "numero": ["511"], "escalas": 1, "saliendo": "30/12/2011", "compania": ["Lufthansa"]}
{"arrivando": "31/07/2012", "dest": "Frankfurt", "precio": 1564, "numero": ["511"], "escalas": 1, "saliendo": "30/12/2011", "compania": ["Lufthansa"]}
{"arrivando": "30/07/2012", "dest": "Frankfurt", "precio": 1564, "numero": ["511"], "escalas": 1, "saliendo": "30/12/2011", "compania": ["Lufthansa"]}
{"arrivando": "30/07/2012", "dest": "Frankfurt", "precio": 1564, "numero": ["511"], "escalas": 1, "saliendo": "30/12/2011", "compania": ["Lufthansa"]}
{"arrivando": "29/07/2012", "dest": "Frankfurt", "precio": 1629, "numero": ["511"], "escalas": 1, "saliendo": "30/12/2011", "compania": ["Lufthansa"]}
{"arrivando": "29/07/2012", "dest": "Frankfurt", "precio": 1629, "numero": ["511"], "escalas": 1, "saliendo": "30/12/2011", "compania": ["Lufthansa"]}
{"arrivando": "28/07/2012", "dest": "Frankfurt", "precio": 1564, "numero": ["511"], "escalas": 1, "saliendo": "30/12/2011", "compania": ["Lufthansa"]}
{"arrivando": "28/07/2012", "dest": "Frankfurt", "precio": 1564, "numero": ["511"], "escalas": 1, "saliendo": "30/12/2011", "compania": ["Lufthansa"]}
{"arrivando": "27/07/2012", "dest": "Frankfurt", "precio": 1564, "numero": ["511"], "escalas": 1, "saliendo": "30/12/2011", "compania": ["Lufthansa"]}
{"arrivando": "27/07/2012", "dest": "Frankfurt", "precio": 1564, "numero": ["511"], "escalas": 1, "saliendo": "30/12/2011", "compania": ["Lufthansa"]}
{"arrivando": "26/07/2012", "dest": "Frankfurt", "precio": 1564, "numero": ["511"], "escalas": 1, "saliendo": "30/12/2011", "compania": ["Lufthansa"]}
{"arrivando": "26/07/2012", "dest": "Frankfurt", "precio": 1564, "numero": ["511"], "escalas": 1, "saliendo": "30/12/2011", "compania": ["Lufthansa"]}
{"arrivando": "25/07/2012", "dest": "Frankfurt", "precio": 1517, "numero": ["511"], "escalas": 1, "saliendo": "30/12/2011", "compania": ["Lufthansa"]}
{"arrivando": "25/07/2012", "dest": "Frankfurt", "precio": 1517, "numero": ["511"], "escalas": 1, "saliendo": "30/12/2011", "compania": ["Lufthansa"]}
{"arrivando": "24/07/2012", "dest": "Frankfurt", "precio": 1517, "numero": ["511"], "escalas": 1, "saliendo": "30/12/2011", "compania": ["Lufthansa"]}
{"arrivando": "24/07/2012", "dest": "Frankfurt", "precio": 1517, "numero": ["511"], "escalas": 1, "saliendo": "30/12/2011", "compania": ["Lufthansa"]}
{"arrivando": "23/07/2012", "dest": "Frankfurt", "precio": 1517, "numero": ["511"], "escalas": 1, "saliendo": "30/12/2011", "compania": ["Lufthansa"]}
{"arrivando": "23/07/2012", "dest": "Frankfurt", "precio": 1517, "numero": ["511"], "escalas": 1, "saliendo": "30/12/2011", "compania": ["Lufthansa"]}
{"arrivando": "22/07/2012", "dest": "Frankfurt", "precio": 1564, "numero": ["511"], "escalas": 1, "saliendo": "30/12/2011", "compania": ["Lufthansa"]}
{"arrivando": "22/07/2012", "dest": "Frankfurt", "precio": 1564, "numero": ["511"], "escalas": 1, "saliendo": "30/12/2011", "compania": ["Lufthansa"]}
{"arrivando": "02/08/2012", "dest": "Frankfurt", "precio": 1419, "numero": ["511"], "escalas": 1, "saliendo": "31/12/2011", "compania": ["Lufthansa"]}
{"arrivando": "02/08/2012", "dest": "Frankfurt", "precio": 1419, "numero": ["511"], "escalas": 1, "saliendo": "31/12/2011", "compania": ["Lufthansa"]}
{"arrivando": "01/08/2012", "dest": "Frankfurt", "precio": 1419, "numero": ["511"], "escalas": 1, "saliendo": "31/12/2011", "compania": ["Lufthansa"]}
{"arrivando": "01/08/2012", "dest": "Frankfurt", "precio": 1419, "numero": ["511"], "escalas": 1, "saliendo": "31/12/2011", "compania": ["Lufthansa"]}
{"arrivando": "31/07/2012", "dest": "Frankfurt", "precio": 1419, "numero": ["511"], "escalas": 1, "saliendo": "31/12/2011", "compania": ["Lufthansa"]}
{"arrivando": "31/07/2012", "dest": "Frankfurt", "precio": 1419, "numero": ["511"], "escalas": 1, "saliendo": "31/12/2011", "compania": ["Lufthansa"]}
{"arrivando": "30/07/2012", "dest": "Frankfurt", "precio": 1419, "numero": ["511"], "escalas": 1, "saliendo": "31/12/2011", "compania": ["Lufthansa"]}
{"arrivando": "30/07/2012", "dest": "Frankfurt", "precio": 1419, "numero": ["511"], "escalas": 1, "saliendo": "31/12/2011", "compania": ["Lufthansa"]}
{"arrivando": "29/07/2012", "dest": "Frankfurt", "precio": 1484, "numero": ["511"], "escalas": 1, "saliendo": "31/12/2011", "compania": ["Lufthansa"]}
{"arrivando": "29/07/2012", "dest": "Frankfurt", "precio": 1484, "numero": ["511"], "escalas": 1, "saliendo": "31/12/2011", "compania": ["Lufthansa"]}
{"arrivando": "28/07/2012", "dest": "Frankfurt", "precio": 1419, "numero": ["511"], "escalas": 1, "saliendo": "31/12/2011", "compania": ["Lufthansa"]}
{"arrivando": "28/07/2012", "dest": "Frankfurt", "precio": 1419, "numero": ["511"], "escalas": 1, "saliendo": "31/12/2011", "compania": ["Lufthansa"]}
{"arrivando": "27/07/2012", "dest": "Frankfurt", "precio": 1419, "numero": ["511"], "escalas": 1, "saliendo": "31/12/2011", "compania": ["Lufthansa"]}
{"arrivando": "27/07/2012", "dest": "Frankfurt", "precio": 1419, "numero": ["511"], "escalas": 1, "saliendo": "31/12/2011", "compania": ["Lufthansa"]}
{"arrivando": "26/07/2012", "dest": "Frankfurt", "precio": 1419, "numero": ["511"], "escalas": 1, "saliendo": "31/12/2011", "compania": ["Lufthansa"]}
{"arrivando": "26/07/2012", "dest": "Frankfurt", "precio": 1419, "numero": ["511"], "escalas": 1, "saliendo": "31/12/2011", "compania": ["Lufthansa"]}
{"arrivando": "25/07/2012", "dest": "Frankfurt", "precio": 1372, "numero": ["511"], "escalas": 1, "saliendo": "31/12/2011", "compania": ["Lufthansa"]}
{"arrivando": "25/07/2012", "dest": "Frankfurt", "precio": 1372, "numero": ["511"], "escalas": 1, "saliendo": "31/12/2011", "compania": ["Lufthansa"]}
{"arrivando": "24/07/2012", "dest": "Frankfurt", "precio": 1372, "numero": ["511"], "escalas": 1, "saliendo": "31/12/2011", "compania": ["Lufthansa"]}
{"arrivando": "24/07/2012", "dest": "Frankfurt", "precio": 1372, "numero": ["511"], "escalas": 1, "saliendo": "31/12/2011", "compania": ["Lufthansa"]}
{"arrivando": "23/07/2012", "dest": "Frankfurt", "precio": 1372, "numero": ["511"], "escalas": 1, "saliendo": "31/12/2011", "compania": ["Lufthansa"]}
{"arrivando": "23/07/2012", "dest": "Frankfurt", "precio": 1372, "numero": ["511"], "escalas": 1, "saliendo": "31/12/2011", "compania": ["Lufthansa"]}
{"arrivando": "22/07/2012", "dest": "Frankfurt", "precio": 1419, "numero": ["511"], "escalas": 1, "saliendo": "31/12/2011", "compania": ["Lufthansa"]}
{"arrivando": "22/07/2012", "dest": "Frankfurt", "precio": 1419, "numero": ["511"], "escalas": 1, "saliendo": "31/12/2011", "compania": ["Lufthansa"]}
{"arrivando": "02/08/2012", "dest": "Frankfurt", "precio": 2064, "numero": ["511"], "escalas": 1, "saliendo": "01/01/2012", "compania": ["Lufthansa"]}
{"arrivando": "02/08/2012", "dest": "Frankfurt", "precio": 2064, "numero": ["511"], "escalas": 1, "saliendo": "01/01/2012", "compania": ["Lufthansa"]}
{"arrivando": "01/08/2012", "dest": "Frankfurt", "precio": 2064, "numero": ["511"], "escalas": 1, "saliendo": "01/01/2012", "compania": ["Lufthansa"]}
{"arrivando": "01/08/2012", "dest": "Frankfurt", "precio": 2064, "numero": ["511"], "escalas": 1, "saliendo": "01/01/2012", "compania": ["Lufthansa"]}
{"arrivando": "31/07/2012", "dest": "Frankfurt", "precio": 2064, "numero": ["511"], "escalas": 1, "saliendo": "01/01/2012", "compania": ["Lufthansa"]}
{"arrivando": "31/07/2012", "dest": "Frankfurt", "precio": 2064, "numero": ["511"], "escalas": 1, "saliendo": "01/01/2012", "compania": ["Lufthansa"]}
{"arrivando": "30/07/2012", "dest": "Frankfurt", "precio": 2064, "numero": ["511"], "escalas": 1, "saliendo": "01/01/2012", "compania": ["Lufthansa"]}
{"arrivando": "30/07/2012", "dest": "Frankfurt", "precio": 2064, "numero": ["511"], "escalas": 1, "saliendo": "01/01/2012", "compania": ["Lufthansa"]}
{"arrivando": "29/07/2012", "dest": "Frankfurt", "precio": 2129, "numero": ["511"], "escalas": 1, "saliendo": "01/01/2012", "compania": ["Lufthansa"]}
{"arrivando": "29/07/2012", "dest": "Frankfurt", "precio": 2129, "numero": ["511"], "escalas": 1, "saliendo": "01/01/2012", "compania": ["Lufthansa"]}
{"arrivando": "28/07/2012", "dest": "Frankfurt", "precio": 2064, "numero": ["511"], "escalas": 1, "saliendo": "01/01/2012", "compania": ["Lufthansa"]}
{"arrivando": "28/07/2012", "dest": "Frankfurt", "precio": 2064, "numero": ["511"], "escalas": 1, "saliendo": "01/01/2012", "compania": ["Lufthansa"]}
{"arrivando": "27/07/2012", "dest": "Frankfurt", "precio": 2064, "numero": ["511"], "escalas": 1, "saliendo": "01/01/2012", "compania": ["Lufthansa"]}
{"arrivando": "27/07/2012", "dest": "Frankfurt", "precio": 2064, "numero": ["511"], "escalas": 1, "saliendo": "01/01/2012", "compania": ["Lufthansa"]}
{"arrivando": "26/07/2012", "dest": "Frankfurt", "precio": 2064, "numero": ["511"], "escalas": 1, "saliendo": "01/01/2012", "compania": ["Lufthansa"]}
{"arrivando": "26/07/2012", "dest": "Frankfurt", "precio": 2064, "numero": ["511"], "escalas": 1, "saliendo": "01/01/2012", "compania": ["Lufthansa"]}
{"arrivando": "25/07/2012", "dest": "Frankfurt", "precio": 2018, "numero": ["511"], "escalas": 1, "saliendo": "01/01/2012", "compania": ["Lufthansa"]}
{"arrivando": "25/07/2012", "dest": "Frankfurt", "precio": 2018, "numero": ["511"], "escalas": 1, "saliendo": "01/01/2012", "compania": ["Lufthansa"]}
{"arrivando": "24/07/2012", "dest": "Frankfurt", "precio": 2018, "numero": ["511"], "escalas": 1, "saliendo": "01/01/2012", "compania": ["Lufthansa"]}
{"arrivando": "24/07/2012", "dest": "Frankfurt", "precio": 2018, "numero": ["511"], "escalas": 1, "saliendo": "01/01/2012", "compania": ["Lufthansa"]}
{"arrivando": "23/07/2012", "dest": "Frankfurt", "precio": 2018, "numero": ["511"], "escalas": 1, "saliendo": "01/01/2012", "compania": ["Lufthansa"]}
{"arrivando": "23/07/2012", "dest": "Frankfurt", "precio": 2018, "numero": ["511"], "escalas": 1, "saliendo": "01/01/2012", "compania": ["Lufthansa"]}
{"arrivando": "22/07/2012", "dest": "Frankfurt", "precio": 2064, "numero": ["511"], "escalas": 1, "saliendo": "01/01/2012", "compania": ["Lufthansa"]}
{"arrivando": "22/07/2012", "dest": "Frankfurt", "precio": 2064, "numero": ["511"], "escalas": 1, "saliendo": "01/01/2012", "compania": ["Lufthansa"]}
